<?xml version="1.0" encoding="UTF-8"?>
<!-- Generated by org.testng.reporters.JUnitReportReporter -->
<testsuite hostname="DESKTOP-OJ7S34L" failures="0" tests="1" name="testCases.TC_001_TestRegistration" time="1.740" errors="0" timestamp="2024-03-15T18:55:47 IST" skipped="0">
  <testcase classname="testCases.TC_001_TestRegistration" name="Test_AccountRegistration" time="1.740"/>
</testsuite> <!-- testCases.TC_001_TestRegistration -->
