<?xml version="1.0" encoding="UTF-8"?>
<!-- Generated by org.testng.reporters.JUnitReportReporter -->
<testsuite hostname="DESKTOP-OJ7S34L" failures="0" tests="1" name="testCases.TC_002_LoginTest" time="1.176" errors="0" timestamp="2024-03-15T18:55:47 IST" skipped="0">
  <testcase classname="testCases.TC_002_LoginTest" name="verify_login" time="1.176"/>
</testsuite> <!-- testCases.TC_002_LoginTest -->
